2016-02-09 22:17:03,222 [Worker-7] INFO  o.e.m.c.i.e.AbstractTransferListenerAdapter - Downloading https://repo.maven.apache.org/maven2/org/apache/maven/plugins/maven-dependency-plugin/2.8/maven-dependency-plugin-2.8.jar
2016-02-09 22:17:03,445 [Worker-7] INFO  o.e.m.c.i.e.AbstractTransferListenerAdapter - Downloaded https://repo.maven.apache.org/maven2/org/apache/maven/plugins/maven-dependency-plugin/2.8/maven-dependency-plugin-2.8.jar
2016-02-09 22:17:04,321 [Worker-7] INFO  o.e.m.c.i.l.LifecycleMappingFactory - Using org.eclipse.m2e.jdt.JarLifecycleMapping lifecycle mapping for MavenProject: es.kinitrojavatech:geco:1.0-SNAPSHOT @ /home/quique/NetBeansProjects/geco/geco/pom.xml.
2016-02-09 22:17:04,530 [Worker-7] INFO  o.e.m.c.i.e.AbstractTransferListenerAdapter - Downloading https://repo.maven.apache.org/maven2/org/apache/maven/plugins/maven-dependency-plugin/2.8/maven-dependency-plugin-2.8.pom
2016-02-09 22:17:04,591 [Worker-7] INFO  o.e.m.c.i.e.AbstractTransferListenerAdapter - Downloaded https://repo.maven.apache.org/maven2/org/apache/maven/plugins/maven-dependency-plugin/2.8/maven-dependency-plugin-2.8.pom
2016-02-09 22:17:05,859 [Worker-7] INFO  o.e.m.c.i.e.AbstractTransferListenerAdapter - Downloading https://repo.maven.apache.org/maven2/org/apache/maven/maven-plugin-api/2.0.1/maven-plugin-api-2.0.1.jar
2016-02-09 22:17:05,930 [Worker-7] INFO  o.e.m.c.i.e.AbstractTransferListenerAdapter - Downloaded https://repo.maven.apache.org/maven2/org/apache/maven/maven-plugin-api/2.0.1/maven-plugin-api-2.0.1.jar
2016-02-09 22:17:05,981 [Worker-7] INFO  o.e.m.c.i.e.AbstractTransferListenerAdapter - Downloading https://repo.maven.apache.org/maven2/org/apache/maven/maven-artifact/2.0.10/maven-artifact-2.0.10.jar
2016-02-09 22:17:06,091 [Worker-7] INFO  o.e.m.c.i.e.AbstractTransferListenerAdapter - Downloaded https://repo.maven.apache.org/maven2/org/apache/maven/maven-artifact/2.0.10/maven-artifact-2.0.10.jar
2016-02-09 22:17:06,145 [Worker-7] INFO  o.e.m.c.i.e.AbstractTransferListenerAdapter - Downloading https://repo.maven.apache.org/maven2/org/apache/maven/maven-project/2.0.10/maven-project-2.0.10.jar
2016-02-09 22:17:06,218 [Worker-7] INFO  o.e.m.c.i.e.AbstractTransferListenerAdapter - Downloaded https://repo.maven.apache.org/maven2/org/apache/maven/maven-project/2.0.10/maven-project-2.0.10.jar
2016-02-09 22:17:06,268 [Worker-7] INFO  o.e.m.c.i.e.AbstractTransferListenerAdapter - Downloading https://repo.maven.apache.org/maven2/org/apache/maven/maven-settings/2.0.10/maven-settings-2.0.10.jar
2016-02-09 22:17:06,330 [Worker-7] INFO  o.e.m.c.i.e.AbstractTransferListenerAdapter - Downloaded https://repo.maven.apache.org/maven2/org/apache/maven/maven-settings/2.0.10/maven-settings-2.0.10.jar
2016-02-09 22:17:06,379 [Worker-7] INFO  o.e.m.c.i.e.AbstractTransferListenerAdapter - Downloading https://repo.maven.apache.org/maven2/org/apache/maven/maven-profile/2.0.10/maven-profile-2.0.10.jar
2016-02-09 22:17:06,437 [Worker-7] INFO  o.e.m.c.i.e.AbstractTransferListenerAdapter - Downloaded https://repo.maven.apache.org/maven2/org/apache/maven/maven-profile/2.0.10/maven-profile-2.0.10.jar
2016-02-09 22:17:06,489 [Worker-7] INFO  o.e.m.c.i.e.AbstractTransferListenerAdapter - Downloading https://repo.maven.apache.org/maven2/org/apache/maven/maven-artifact-manager/2.0.10/maven-artifact-manager-2.0.10.jar
2016-02-09 22:17:06,555 [Worker-7] INFO  o.e.m.c.i.e.AbstractTransferListenerAdapter - Downloaded https://repo.maven.apache.org/maven2/org/apache/maven/maven-artifact-manager/2.0.10/maven-artifact-manager-2.0.10.jar
2016-02-09 22:17:06,605 [Worker-7] INFO  o.e.m.c.i.e.AbstractTransferListenerAdapter - Downloading https://repo.maven.apache.org/maven2/org/apache/maven/maven-repository-metadata/2.0.10/maven-repository-metadata-2.0.10.jar
2016-02-09 22:17:06,662 [Worker-7] INFO  o.e.m.c.i.e.AbstractTransferListenerAdapter - Downloaded https://repo.maven.apache.org/maven2/org/apache/maven/maven-repository-metadata/2.0.10/maven-repository-metadata-2.0.10.jar
2016-02-09 22:17:06,723 [Worker-7] INFO  o.e.m.c.i.e.AbstractTransferListenerAdapter - Downloading https://repo.maven.apache.org/maven2/org/apache/maven/maven-plugin-registry/2.0.10/maven-plugin-registry-2.0.10.jar
2016-02-09 22:17:06,790 [Worker-7] INFO  o.e.m.c.i.e.AbstractTransferListenerAdapter - Downloaded https://repo.maven.apache.org/maven2/org/apache/maven/maven-plugin-registry/2.0.10/maven-plugin-registry-2.0.10.jar
2016-02-09 22:17:06,840 [Worker-7] INFO  o.e.m.c.i.e.AbstractTransferListenerAdapter - Downloading https://repo.maven.apache.org/maven2/org/apache/maven/maven-model/2.0.10/maven-model-2.0.10.jar
2016-02-09 22:17:06,910 [Worker-7] INFO  o.e.m.c.i.e.AbstractTransferListenerAdapter - Downloaded https://repo.maven.apache.org/maven2/org/apache/maven/maven-model/2.0.10/maven-model-2.0.10.jar
2016-02-09 22:17:07,973 [Worker-7] INFO  o.e.m.c.i.embedder.EclipseLogger - No changes detected in schema or binding files - skipping source generation.
2016-02-09 22:17:08,060 [Worker-7] INFO  o.e.m.j.i.AbstractJavaProjectConfigurator - Adding source folder /geco/src/main/java
2016-02-09 22:17:08,062 [Worker-7] INFO  o.e.m.j.i.AbstractJavaProjectConfigurator - Adding source folder /geco/target/generated-sources/jaxb
2016-02-09 22:17:08,063 [Worker-7] INFO  o.e.m.j.i.AbstractJavaProjectConfigurator - Adding resource folder /geco/src/main/resources
2016-02-09 22:17:08,064 [Worker-7] INFO  o.e.m.j.i.AbstractJavaProjectConfigurator - Adding source folder /geco/src/test/java
2016-02-09 22:17:08,866 [Worker-7] INFO  o.e.m.c.i.p.ProjectConfigurationManager - Imported and configured 1 project(s) in 6 sec
2016-02-09 22:17:10,281 [Worker-7] INFO  o.e.m.c.i.embedder.EclipseLogger - No changes detected in schema or binding files - skipping source generation.
2016-02-09 22:17:10,308 [Worker-7] WARN  o.e.m.c.i.embedder.EclipseLogger - Using platform encoding (UTF-8 actually) to copy filtered resources, i.e. build is platform dependent!
2016-02-09 22:17:10,314 [Worker-7] INFO  o.e.m.c.i.embedder.EclipseLogger - Copying 3 resources
2016-02-09 22:17:10,329 [Worker-7] WARN  o.e.m.c.i.embedder.EclipseLogger - Using platform encoding (UTF-8 actually) to copy filtered resources, i.e. build is platform dependent!
2016-02-09 22:17:10,330 [Worker-7] INFO  o.e.m.c.i.embedder.EclipseLogger - skip non existing resourceDirectory /home/quique/NetBeansProjects/geco/geco/src/test/resources
2016-02-09 22:17:58,948 [Worker-6] INFO  o.e.m.c.i.embedder.EclipseLogger - No changes detected in schema or binding files - skipping source generation.
2016-02-09 22:17:58,951 [Worker-6] WARN  o.e.m.c.i.embedder.EclipseLogger - Using platform encoding (UTF-8 actually) to copy filtered resources, i.e. build is platform dependent!
2016-02-09 22:17:58,953 [Worker-6] INFO  o.e.m.c.i.embedder.EclipseLogger - Copying 3 resources
2016-02-09 22:17:58,956 [Worker-6] WARN  o.e.m.c.i.embedder.EclipseLogger - Using platform encoding (UTF-8 actually) to copy filtered resources, i.e. build is platform dependent!
2016-02-09 22:17:58,957 [Worker-6] INFO  o.e.m.c.i.embedder.EclipseLogger - skip non existing resourceDirectory /home/quique/NetBeansProjects/geco/geco/src/test/resources
2016-02-09 22:31:37,662 [Worker-5] INFO  o.e.m.c.i.l.LifecycleMappingFactory - Using org.eclipse.m2e.jdt.JarLifecycleMapping lifecycle mapping for MavenProject: es.kinitrojavatech:geco:1.0-SNAPSHOT @ /home/quique/NetBeansProjects/geco/geco/pom.xml.
2016-02-09 22:31:37,942 [Worker-5] INFO  o.e.m.c.i.embedder.EclipseLogger - Generating source...
2016-02-09 22:31:38,046 [Worker-5] INFO  o.e.m.c.i.embedder.EclipseLogger - parsing a schema...
2016-02-09 22:31:38,564 [Worker-5] INFO  o.e.m.c.i.embedder.EclipseLogger - compiling a schema...
2016-02-09 22:31:38,626 [Worker-5] INFO  o.e.m.c.i.embedder.EclipseLogger - es/kinitrojavatech/geco/xml/Account.java
2016-02-09 22:31:38,640 [Worker-5] INFO  o.e.m.c.i.embedder.EclipseLogger - es/kinitrojavatech/geco/xml/Bank.java
2016-02-09 22:31:38,646 [Worker-5] INFO  o.e.m.c.i.embedder.EclipseLogger - es/kinitrojavatech/geco/xml/Category.java
2016-02-09 22:31:38,653 [Worker-5] INFO  o.e.m.c.i.embedder.EclipseLogger - es/kinitrojavatech/geco/xml/EncryptedVolumes.java
2016-02-09 22:31:38,657 [Worker-5] INFO  o.e.m.c.i.embedder.EclipseLogger - es/kinitrojavatech/geco/xml/Finances.java
2016-02-09 22:31:38,662 [Worker-5] INFO  o.e.m.c.i.embedder.EclipseLogger - es/kinitrojavatech/geco/xml/Firm.java
2016-02-09 22:31:38,665 [Worker-5] INFO  o.e.m.c.i.embedder.EclipseLogger - es/kinitrojavatech/geco/xml/Geco.java
2016-02-09 22:31:38,667 [Worker-5] INFO  o.e.m.c.i.embedder.EclipseLogger - es/kinitrojavatech/geco/xml/Insurances.java
2016-02-09 22:31:38,669 [Worker-5] INFO  o.e.m.c.i.embedder.EclipseLogger - es/kinitrojavatech/geco/xml/ObjectFactory.java
2016-02-09 22:31:38,671 [Worker-5] INFO  o.e.m.c.i.embedder.EclipseLogger - es/kinitrojavatech/geco/xml/Passwords.java
2016-02-09 22:31:38,673 [Worker-5] INFO  o.e.m.c.i.embedder.EclipseLogger - es/kinitrojavatech/geco/xml/Policy.java
2016-02-09 22:31:38,674 [Worker-5] INFO  o.e.m.c.i.embedder.EclipseLogger - es/kinitrojavatech/geco/xml/Savings.java
2016-02-09 22:31:38,675 [Worker-5] INFO  o.e.m.c.i.embedder.EclipseLogger - es/kinitrojavatech/geco/xml/Site.java
2016-02-09 22:31:38,678 [Worker-5] INFO  o.e.m.c.i.embedder.EclipseLogger - es/kinitrojavatech/geco/xml/Volumen.java
2016-02-09 22:31:38,777 [Worker-5] WARN  o.e.m.c.i.embedder.EclipseLogger - Using platform encoding (UTF-8 actually) to copy filtered resources, i.e. build is platform dependent!
2016-02-09 22:31:38,781 [Worker-5] INFO  o.e.m.c.i.embedder.EclipseLogger - Copying 3 resources
2016-02-09 22:31:38,788 [Worker-5] WARN  o.e.m.c.i.embedder.EclipseLogger - Using platform encoding (UTF-8 actually) to copy filtered resources, i.e. build is platform dependent!
2016-02-09 22:31:38,789 [Worker-5] INFO  o.e.m.c.i.embedder.EclipseLogger - skip non existing resourceDirectory /home/quique/NetBeansProjects/geco/geco/src/test/resources
2016-02-09 22:31:40,110 [Worker-7] INFO  o.e.m.c.i.embedder.EclipseLogger - No changes detected in schema or binding files - skipping source generation.
2016-02-09 22:31:40,112 [Worker-7] WARN  o.e.m.c.i.embedder.EclipseLogger - Using platform encoding (UTF-8 actually) to copy filtered resources, i.e. build is platform dependent!
2016-02-09 22:31:40,114 [Worker-7] INFO  o.e.m.c.i.embedder.EclipseLogger - Copying 3 resources
2016-02-09 22:31:40,116 [Worker-7] WARN  o.e.m.c.i.embedder.EclipseLogger - Using platform encoding (UTF-8 actually) to copy filtered resources, i.e. build is platform dependent!
2016-02-09 22:31:40,116 [Worker-7] INFO  o.e.m.c.i.embedder.EclipseLogger - skip non existing resourceDirectory /home/quique/NetBeansProjects/geco/geco/src/test/resources
2016-02-09 22:31:41,782 [Worker-7] INFO  o.e.m.c.i.embedder.EclipseLogger - No changes detected in schema or binding files - skipping source generation.
2016-02-09 22:31:41,784 [Worker-7] WARN  o.e.m.c.i.embedder.EclipseLogger - Using platform encoding (UTF-8 actually) to copy filtered resources, i.e. build is platform dependent!
2016-02-09 22:31:41,785 [Worker-7] INFO  o.e.m.c.i.embedder.EclipseLogger - Copying 3 resources
2016-02-09 22:31:41,787 [Worker-7] WARN  o.e.m.c.i.embedder.EclipseLogger - Using platform encoding (UTF-8 actually) to copy filtered resources, i.e. build is platform dependent!
2016-02-09 22:31:41,787 [Worker-7] INFO  o.e.m.c.i.embedder.EclipseLogger - skip non existing resourceDirectory /home/quique/NetBeansProjects/geco/geco/src/test/resources
2016-02-09 22:36:44,838 [Worker-5] INFO  o.e.m.c.i.embedder.EclipseLogger - No changes detected in schema or binding files - skipping source generation.
2016-02-09 22:36:44,839 [Worker-5] WARN  o.e.m.c.i.embedder.EclipseLogger - Using platform encoding (UTF-8 actually) to copy filtered resources, i.e. build is platform dependent!
2016-02-09 22:36:44,841 [Worker-5] INFO  o.e.m.c.i.embedder.EclipseLogger - Copying 3 resources
2016-02-09 22:36:44,842 [Worker-5] WARN  o.e.m.c.i.embedder.EclipseLogger - Using platform encoding (UTF-8 actually) to copy filtered resources, i.e. build is platform dependent!
2016-02-09 22:36:44,842 [Worker-5] INFO  o.e.m.c.i.embedder.EclipseLogger - skip non existing resourceDirectory /home/quique/NetBeansProjects/geco/geco/src/test/resources
2016-02-09 22:36:58,503 [Worker-9] INFO  o.e.m.c.i.embedder.EclipseLogger - No changes detected in schema or binding files - skipping source generation.
2016-02-09 22:36:58,505 [Worker-9] WARN  o.e.m.c.i.embedder.EclipseLogger - Using platform encoding (UTF-8 actually) to copy filtered resources, i.e. build is platform dependent!
2016-02-09 22:36:58,506 [Worker-9] INFO  o.e.m.c.i.embedder.EclipseLogger - Copying 0 resource
2016-02-09 22:36:58,508 [Worker-9] WARN  o.e.m.c.i.embedder.EclipseLogger - Using platform encoding (UTF-8 actually) to copy filtered resources, i.e. build is platform dependent!
2016-02-09 22:36:58,508 [Worker-9] INFO  o.e.m.c.i.embedder.EclipseLogger - skip non existing resourceDirectory /home/quique/NetBeansProjects/geco/geco/src/test/resources
2016-02-09 22:39:02,831 [Worker-13] INFO  o.e.m.c.i.embedder.EclipseLogger - No changes detected in schema or binding files - skipping source generation.
2016-02-09 22:39:02,832 [Worker-13] WARN  o.e.m.c.i.embedder.EclipseLogger - Using platform encoding (UTF-8 actually) to copy filtered resources, i.e. build is platform dependent!
2016-02-09 22:39:02,834 [Worker-13] INFO  o.e.m.c.i.embedder.EclipseLogger - Copying 3 resources
2016-02-09 22:39:02,836 [Worker-13] WARN  o.e.m.c.i.embedder.EclipseLogger - Using platform encoding (UTF-8 actually) to copy filtered resources, i.e. build is platform dependent!
2016-02-09 22:39:02,836 [Worker-13] INFO  o.e.m.c.i.embedder.EclipseLogger - skip non existing resourceDirectory /home/quique/NetBeansProjects/geco/geco/src/test/resources
2016-02-09 22:39:36,634 [Worker-7] INFO  o.e.m.c.i.embedder.EclipseLogger - No changes detected in schema or binding files - skipping source generation.
2016-02-09 22:39:36,635 [Worker-7] WARN  o.e.m.c.i.embedder.EclipseLogger - Using platform encoding (UTF-8 actually) to copy filtered resources, i.e. build is platform dependent!
2016-02-09 22:39:36,637 [Worker-7] INFO  o.e.m.c.i.embedder.EclipseLogger - Copying 3 resources
2016-02-09 22:39:36,638 [Worker-7] WARN  o.e.m.c.i.embedder.EclipseLogger - Using platform encoding (UTF-8 actually) to copy filtered resources, i.e. build is platform dependent!
2016-02-09 22:39:36,639 [Worker-7] INFO  o.e.m.c.i.embedder.EclipseLogger - skip non existing resourceDirectory /home/quique/NetBeansProjects/geco/geco/src/test/resources
2016-02-09 22:41:38,220 [Worker-7] INFO  o.e.m.c.i.embedder.EclipseLogger - No changes detected in schema or binding files - skipping source generation.
2016-02-09 22:41:38,221 [Worker-7] WARN  o.e.m.c.i.embedder.EclipseLogger - Using platform encoding (UTF-8 actually) to copy filtered resources, i.e. build is platform dependent!
2016-02-09 22:41:38,222 [Worker-7] INFO  o.e.m.c.i.embedder.EclipseLogger - Copying 3 resources
2016-02-09 22:41:38,225 [Worker-7] WARN  o.e.m.c.i.embedder.EclipseLogger - Using platform encoding (UTF-8 actually) to copy filtered resources, i.e. build is platform dependent!
2016-02-09 22:41:38,225 [Worker-7] INFO  o.e.m.c.i.embedder.EclipseLogger - skip non existing resourceDirectory /home/quique/NetBeansProjects/geco/geco/src/test/resources
2016-02-09 22:41:45,884 [Worker-7] INFO  o.e.m.c.i.embedder.EclipseLogger - No changes detected in schema or binding files - skipping source generation.
2016-02-09 22:41:45,886 [Worker-7] WARN  o.e.m.c.i.embedder.EclipseLogger - Using platform encoding (UTF-8 actually) to copy filtered resources, i.e. build is platform dependent!
2016-02-09 22:41:45,887 [Worker-7] INFO  o.e.m.c.i.embedder.EclipseLogger - Copying 3 resources
2016-02-09 22:41:45,889 [Worker-7] WARN  o.e.m.c.i.embedder.EclipseLogger - Using platform encoding (UTF-8 actually) to copy filtered resources, i.e. build is platform dependent!
2016-02-09 22:41:45,889 [Worker-7] INFO  o.e.m.c.i.embedder.EclipseLogger - skip non existing resourceDirectory /home/quique/NetBeansProjects/geco/geco/src/test/resources
2016-02-09 22:42:06,920 [Worker-17] INFO  o.e.m.c.i.embedder.EclipseLogger - No changes detected in schema or binding files - skipping source generation.
2016-02-09 22:42:06,922 [Worker-17] WARN  o.e.m.c.i.embedder.EclipseLogger - Using platform encoding (UTF-8 actually) to copy filtered resources, i.e. build is platform dependent!
2016-02-09 22:42:06,923 [Worker-17] INFO  o.e.m.c.i.embedder.EclipseLogger - Copying 3 resources
2016-02-09 22:42:06,925 [Worker-17] WARN  o.e.m.c.i.embedder.EclipseLogger - Using platform encoding (UTF-8 actually) to copy filtered resources, i.e. build is platform dependent!
2016-02-09 22:42:06,926 [Worker-17] INFO  o.e.m.c.i.embedder.EclipseLogger - skip non existing resourceDirectory /home/quique/NetBeansProjects/geco/geco/src/test/resources
2016-02-09 22:42:23,327 [Worker-13] INFO  o.e.m.c.i.embedder.EclipseLogger - No changes detected in schema or binding files - skipping source generation.
2016-02-09 22:42:23,328 [Worker-13] WARN  o.e.m.c.i.embedder.EclipseLogger - Using platform encoding (UTF-8 actually) to copy filtered resources, i.e. build is platform dependent!
2016-02-09 22:42:23,329 [Worker-13] INFO  o.e.m.c.i.embedder.EclipseLogger - Copying 3 resources
2016-02-09 22:42:23,331 [Worker-13] WARN  o.e.m.c.i.embedder.EclipseLogger - Using platform encoding (UTF-8 actually) to copy filtered resources, i.e. build is platform dependent!
2016-02-09 22:42:23,331 [Worker-13] INFO  o.e.m.c.i.embedder.EclipseLogger - skip non existing resourceDirectory /home/quique/NetBeansProjects/geco/geco/src/test/resources
2016-02-09 22:42:50,738 [Worker-9] INFO  o.e.m.c.i.embedder.EclipseLogger - No changes detected in schema or binding files - skipping source generation.
2016-02-09 22:42:50,740 [Worker-9] WARN  o.e.m.c.i.embedder.EclipseLogger - Using platform encoding (UTF-8 actually) to copy filtered resources, i.e. build is platform dependent!
2016-02-09 22:42:50,741 [Worker-9] INFO  o.e.m.c.i.embedder.EclipseLogger - Copying 3 resources
2016-02-09 22:42:50,742 [Worker-9] WARN  o.e.m.c.i.embedder.EclipseLogger - Using platform encoding (UTF-8 actually) to copy filtered resources, i.e. build is platform dependent!
2016-02-09 22:42:50,742 [Worker-9] INFO  o.e.m.c.i.embedder.EclipseLogger - skip non existing resourceDirectory /home/quique/NetBeansProjects/geco/geco/src/test/resources
2016-02-09 22:43:48,591 [Worker-5] INFO  o.e.m.c.i.embedder.EclipseLogger - No changes detected in schema or binding files - skipping source generation.
2016-02-09 22:43:48,593 [Worker-5] WARN  o.e.m.c.i.embedder.EclipseLogger - Using platform encoding (UTF-8 actually) to copy filtered resources, i.e. build is platform dependent!
2016-02-09 22:43:48,594 [Worker-5] INFO  o.e.m.c.i.embedder.EclipseLogger - Copying 3 resources
2016-02-09 22:43:48,596 [Worker-5] WARN  o.e.m.c.i.embedder.EclipseLogger - Using platform encoding (UTF-8 actually) to copy filtered resources, i.e. build is platform dependent!
2016-02-09 22:43:48,596 [Worker-5] INFO  o.e.m.c.i.embedder.EclipseLogger - skip non existing resourceDirectory /home/quique/NetBeansProjects/geco/geco/src/test/resources
2016-02-09 22:44:10,067 [Worker-17] INFO  o.e.m.c.i.embedder.EclipseLogger - No changes detected in schema or binding files - skipping source generation.
2016-02-09 22:44:10,069 [Worker-17] WARN  o.e.m.c.i.embedder.EclipseLogger - Using platform encoding (UTF-8 actually) to copy filtered resources, i.e. build is platform dependent!
2016-02-09 22:44:10,070 [Worker-17] INFO  o.e.m.c.i.embedder.EclipseLogger - Copying 3 resources
2016-02-09 22:44:10,072 [Worker-17] WARN  o.e.m.c.i.embedder.EclipseLogger - Using platform encoding (UTF-8 actually) to copy filtered resources, i.e. build is platform dependent!
2016-02-09 22:44:10,073 [Worker-17] INFO  o.e.m.c.i.embedder.EclipseLogger - skip non existing resourceDirectory /home/quique/NetBeansProjects/geco/geco/src/test/resources
2016-02-09 22:44:34,266 [Worker-5] INFO  o.e.m.c.i.embedder.EclipseLogger - No changes detected in schema or binding files - skipping source generation.
2016-02-09 22:44:34,268 [Worker-5] WARN  o.e.m.c.i.embedder.EclipseLogger - Using platform encoding (UTF-8 actually) to copy filtered resources, i.e. build is platform dependent!
2016-02-09 22:44:34,269 [Worker-5] INFO  o.e.m.c.i.embedder.EclipseLogger - Copying 3 resources
2016-02-09 22:44:34,271 [Worker-5] WARN  o.e.m.c.i.embedder.EclipseLogger - Using platform encoding (UTF-8 actually) to copy filtered resources, i.e. build is platform dependent!
2016-02-09 22:44:34,271 [Worker-5] INFO  o.e.m.c.i.embedder.EclipseLogger - skip non existing resourceDirectory /home/quique/NetBeansProjects/geco/geco/src/test/resources
2016-02-09 22:51:59,477 [Worker-18] INFO  o.e.m.c.i.embedder.EclipseLogger - No changes detected in schema or binding files - skipping source generation.
2016-02-09 22:51:59,479 [Worker-18] WARN  o.e.m.c.i.embedder.EclipseLogger - Using platform encoding (UTF-8 actually) to copy filtered resources, i.e. build is platform dependent!
2016-02-09 22:51:59,481 [Worker-18] INFO  o.e.m.c.i.embedder.EclipseLogger - Copying 4 resources
2016-02-09 22:51:59,487 [Worker-18] WARN  o.e.m.c.i.embedder.EclipseLogger - Using platform encoding (UTF-8 actually) to copy filtered resources, i.e. build is platform dependent!
2016-02-09 22:51:59,487 [Worker-18] INFO  o.e.m.c.i.embedder.EclipseLogger - skip non existing resourceDirectory /home/quique/NetBeansProjects/geco/geco/src/test/resources
2016-02-09 22:53:25,827 [Worker-7] INFO  o.e.m.c.i.embedder.EclipseLogger - No changes detected in schema or binding files - skipping source generation.
2016-02-09 22:53:25,828 [Worker-7] WARN  o.e.m.c.i.embedder.EclipseLogger - Using platform encoding (UTF-8 actually) to copy filtered resources, i.e. build is platform dependent!
2016-02-09 22:53:25,830 [Worker-7] INFO  o.e.m.c.i.embedder.EclipseLogger - Copying 2 resources
2016-02-09 22:53:25,832 [Worker-7] WARN  o.e.m.c.i.embedder.EclipseLogger - Using platform encoding (UTF-8 actually) to copy filtered resources, i.e. build is platform dependent!
2016-02-09 22:53:25,833 [Worker-7] INFO  o.e.m.c.i.embedder.EclipseLogger - skip non existing resourceDirectory /home/quique/NetBeansProjects/geco/geco/src/test/resources
2016-02-09 22:54:14,072 [Worker-9] INFO  o.e.m.c.i.embedder.EclipseLogger - No changes detected in schema or binding files - skipping source generation.
2016-02-09 22:54:14,074 [Worker-9] WARN  o.e.m.c.i.embedder.EclipseLogger - Using platform encoding (UTF-8 actually) to copy filtered resources, i.e. build is platform dependent!
2016-02-09 22:54:14,075 [Worker-9] INFO  o.e.m.c.i.embedder.EclipseLogger - Copying 4 resources
2016-02-09 22:54:14,076 [Worker-9] WARN  o.e.m.c.i.embedder.EclipseLogger - Using platform encoding (UTF-8 actually) to copy filtered resources, i.e. build is platform dependent!
2016-02-09 22:54:14,077 [Worker-9] INFO  o.e.m.c.i.embedder.EclipseLogger - skip non existing resourceDirectory /home/quique/NetBeansProjects/geco/geco/src/test/resources
2016-02-09 22:54:42,687 [Worker-12] INFO  o.e.m.c.i.embedder.EclipseLogger - No changes detected in schema or binding files - skipping source generation.
2016-02-09 22:54:42,689 [Worker-12] WARN  o.e.m.c.i.embedder.EclipseLogger - Using platform encoding (UTF-8 actually) to copy filtered resources, i.e. build is platform dependent!
2016-02-09 22:54:42,690 [Worker-12] INFO  o.e.m.c.i.embedder.EclipseLogger - Copying 4 resources
2016-02-09 22:54:42,691 [Worker-12] WARN  o.e.m.c.i.embedder.EclipseLogger - Using platform encoding (UTF-8 actually) to copy filtered resources, i.e. build is platform dependent!
2016-02-09 22:54:42,691 [Worker-12] INFO  o.e.m.c.i.embedder.EclipseLogger - skip non existing resourceDirectory /home/quique/NetBeansProjects/geco/geco/src/test/resources
2016-02-09 22:55:35,948 [Worker-7] INFO  o.e.m.c.i.embedder.EclipseLogger - No changes detected in schema or binding files - skipping source generation.
2016-02-09 22:55:35,949 [Worker-7] WARN  o.e.m.c.i.embedder.EclipseLogger - Using platform encoding (UTF-8 actually) to copy filtered resources, i.e. build is platform dependent!
2016-02-09 22:55:35,950 [Worker-7] INFO  o.e.m.c.i.embedder.EclipseLogger - Copying 4 resources
2016-02-09 22:55:35,952 [Worker-7] WARN  o.e.m.c.i.embedder.EclipseLogger - Using platform encoding (UTF-8 actually) to copy filtered resources, i.e. build is platform dependent!
2016-02-09 22:55:35,952 [Worker-7] INFO  o.e.m.c.i.embedder.EclipseLogger - skip non existing resourceDirectory /home/quique/NetBeansProjects/geco/geco/src/test/resources
2016-02-09 22:57:33,363 [Worker-18] INFO  o.e.m.c.i.embedder.EclipseLogger - No changes detected in schema or binding files - skipping source generation.
2016-02-09 22:57:33,366 [Worker-18] WARN  o.e.m.c.i.embedder.EclipseLogger - Using platform encoding (UTF-8 actually) to copy filtered resources, i.e. build is platform dependent!
2016-02-09 22:57:33,368 [Worker-18] INFO  o.e.m.c.i.embedder.EclipseLogger - Copying 4 resources
2016-02-09 22:57:33,371 [Worker-18] WARN  o.e.m.c.i.embedder.EclipseLogger - Using platform encoding (UTF-8 actually) to copy filtered resources, i.e. build is platform dependent!
2016-02-09 22:57:33,371 [Worker-18] INFO  o.e.m.c.i.embedder.EclipseLogger - skip non existing resourceDirectory /home/quique/NetBeansProjects/geco/geco/src/test/resources
2016-02-09 23:00:54,524 [Worker-12] INFO  o.e.m.c.i.embedder.EclipseLogger - No changes detected in schema or binding files - skipping source generation.
2016-02-09 23:00:54,526 [Worker-12] WARN  o.e.m.c.i.embedder.EclipseLogger - Using platform encoding (UTF-8 actually) to copy filtered resources, i.e. build is platform dependent!
2016-02-09 23:00:54,527 [Worker-12] INFO  o.e.m.c.i.embedder.EclipseLogger - Copying 4 resources
2016-02-09 23:00:54,528 [Worker-12] WARN  o.e.m.c.i.embedder.EclipseLogger - Using platform encoding (UTF-8 actually) to copy filtered resources, i.e. build is platform dependent!
2016-02-09 23:00:54,529 [Worker-12] INFO  o.e.m.c.i.embedder.EclipseLogger - skip non existing resourceDirectory /home/quique/NetBeansProjects/geco/geco/src/test/resources
2016-02-09 23:01:04,888 [Worker-19] INFO  o.e.m.c.i.embedder.EclipseLogger - No changes detected in schema or binding files - skipping source generation.
2016-02-09 23:01:04,889 [Worker-19] WARN  o.e.m.c.i.embedder.EclipseLogger - Using platform encoding (UTF-8 actually) to copy filtered resources, i.e. build is platform dependent!
2016-02-09 23:01:04,890 [Worker-19] INFO  o.e.m.c.i.embedder.EclipseLogger - Copying 4 resources
2016-02-09 23:01:04,892 [Worker-19] WARN  o.e.m.c.i.embedder.EclipseLogger - Using platform encoding (UTF-8 actually) to copy filtered resources, i.e. build is platform dependent!
2016-02-09 23:01:04,892 [Worker-19] INFO  o.e.m.c.i.embedder.EclipseLogger - skip non existing resourceDirectory /home/quique/NetBeansProjects/geco/geco/src/test/resources
2016-02-09 23:01:49,170 [Worker-5] INFO  o.e.m.c.i.embedder.EclipseLogger - No changes detected in schema or binding files - skipping source generation.
2016-02-09 23:01:49,172 [Worker-5] WARN  o.e.m.c.i.embedder.EclipseLogger - Using platform encoding (UTF-8 actually) to copy filtered resources, i.e. build is platform dependent!
2016-02-09 23:01:49,173 [Worker-5] INFO  o.e.m.c.i.embedder.EclipseLogger - Copying 4 resources
2016-02-09 23:01:49,174 [Worker-5] WARN  o.e.m.c.i.embedder.EclipseLogger - Using platform encoding (UTF-8 actually) to copy filtered resources, i.e. build is platform dependent!
2016-02-09 23:01:49,174 [Worker-5] INFO  o.e.m.c.i.embedder.EclipseLogger - skip non existing resourceDirectory /home/quique/NetBeansProjects/geco/geco/src/test/resources
2016-02-09 23:01:58,121 [Worker-7] INFO  o.e.m.c.i.embedder.EclipseLogger - No changes detected in schema or binding files - skipping source generation.
2016-02-09 23:01:58,123 [Worker-7] WARN  o.e.m.c.i.embedder.EclipseLogger - Using platform encoding (UTF-8 actually) to copy filtered resources, i.e. build is platform dependent!
2016-02-09 23:01:58,123 [Worker-7] INFO  o.e.m.c.i.embedder.EclipseLogger - Copying 4 resources
2016-02-09 23:01:58,125 [Worker-7] WARN  o.e.m.c.i.embedder.EclipseLogger - Using platform encoding (UTF-8 actually) to copy filtered resources, i.e. build is platform dependent!
2016-02-09 23:01:58,125 [Worker-7] INFO  o.e.m.c.i.embedder.EclipseLogger - skip non existing resourceDirectory /home/quique/NetBeansProjects/geco/geco/src/test/resources
2016-02-09 23:04:08,269 [Worker-18] INFO  o.e.m.c.i.embedder.EclipseLogger - No changes detected in schema or binding files - skipping source generation.
2016-02-09 23:04:08,271 [Worker-18] WARN  o.e.m.c.i.embedder.EclipseLogger - Using platform encoding (UTF-8 actually) to copy filtered resources, i.e. build is platform dependent!
2016-02-09 23:04:08,272 [Worker-18] INFO  o.e.m.c.i.embedder.EclipseLogger - Copying 4 resources
2016-02-09 23:04:08,274 [Worker-18] WARN  o.e.m.c.i.embedder.EclipseLogger - Using platform encoding (UTF-8 actually) to copy filtered resources, i.e. build is platform dependent!
2016-02-09 23:04:08,274 [Worker-18] INFO  o.e.m.c.i.embedder.EclipseLogger - skip non existing resourceDirectory /home/quique/NetBeansProjects/geco/geco/src/test/resources
2016-02-09 23:04:21,002 [Worker-5] INFO  o.e.m.c.i.embedder.EclipseLogger - No changes detected in schema or binding files - skipping source generation.
2016-02-09 23:04:21,003 [Worker-5] WARN  o.e.m.c.i.embedder.EclipseLogger - Using platform encoding (UTF-8 actually) to copy filtered resources, i.e. build is platform dependent!
2016-02-09 23:04:21,004 [Worker-5] INFO  o.e.m.c.i.embedder.EclipseLogger - Copying 4 resources
2016-02-09 23:04:21,006 [Worker-5] WARN  o.e.m.c.i.embedder.EclipseLogger - Using platform encoding (UTF-8 actually) to copy filtered resources, i.e. build is platform dependent!
2016-02-09 23:04:21,006 [Worker-5] INFO  o.e.m.c.i.embedder.EclipseLogger - skip non existing resourceDirectory /home/quique/NetBeansProjects/geco/geco/src/test/resources
2016-02-09 23:04:44,537 [Worker-9] INFO  o.e.m.c.i.embedder.EclipseLogger - No changes detected in schema or binding files - skipping source generation.
2016-02-09 23:04:44,538 [Worker-9] WARN  o.e.m.c.i.embedder.EclipseLogger - Using platform encoding (UTF-8 actually) to copy filtered resources, i.e. build is platform dependent!
2016-02-09 23:04:44,539 [Worker-9] INFO  o.e.m.c.i.embedder.EclipseLogger - Copying 4 resources
2016-02-09 23:04:44,540 [Worker-9] WARN  o.e.m.c.i.embedder.EclipseLogger - Using platform encoding (UTF-8 actually) to copy filtered resources, i.e. build is platform dependent!
2016-02-09 23:04:44,540 [Worker-9] INFO  o.e.m.c.i.embedder.EclipseLogger - skip non existing resourceDirectory /home/quique/NetBeansProjects/geco/geco/src/test/resources
2016-02-09 23:04:56,355 [Worker-12] INFO  o.e.m.c.i.embedder.EclipseLogger - No changes detected in schema or binding files - skipping source generation.
2016-02-09 23:04:56,356 [Worker-12] WARN  o.e.m.c.i.embedder.EclipseLogger - Using platform encoding (UTF-8 actually) to copy filtered resources, i.e. build is platform dependent!
2016-02-09 23:04:56,357 [Worker-12] INFO  o.e.m.c.i.embedder.EclipseLogger - Copying 4 resources
2016-02-09 23:04:56,359 [Worker-12] WARN  o.e.m.c.i.embedder.EclipseLogger - Using platform encoding (UTF-8 actually) to copy filtered resources, i.e. build is platform dependent!
2016-02-09 23:04:56,359 [Worker-12] INFO  o.e.m.c.i.embedder.EclipseLogger - skip non existing resourceDirectory /home/quique/NetBeansProjects/geco/geco/src/test/resources
2016-02-09 23:07:51,071 [Worker-7] INFO  o.e.m.c.i.embedder.EclipseLogger - No changes detected in schema or binding files - skipping source generation.
2016-02-09 23:07:51,073 [Worker-7] WARN  o.e.m.c.i.embedder.EclipseLogger - Using platform encoding (UTF-8 actually) to copy filtered resources, i.e. build is platform dependent!
2016-02-09 23:07:51,074 [Worker-7] INFO  o.e.m.c.i.embedder.EclipseLogger - Copying 4 resources
2016-02-09 23:07:51,076 [Worker-7] WARN  o.e.m.c.i.embedder.EclipseLogger - Using platform encoding (UTF-8 actually) to copy filtered resources, i.e. build is platform dependent!
2016-02-09 23:07:51,076 [Worker-7] INFO  o.e.m.c.i.embedder.EclipseLogger - skip non existing resourceDirectory /home/quique/NetBeansProjects/geco/geco/src/test/resources
2016-02-09 23:08:42,141 [Worker-19] INFO  o.e.m.c.i.embedder.EclipseLogger - No changes detected in schema or binding files - skipping source generation.
2016-02-09 23:08:42,143 [Worker-19] WARN  o.e.m.c.i.embedder.EclipseLogger - Using platform encoding (UTF-8 actually) to copy filtered resources, i.e. build is platform dependent!
2016-02-09 23:08:42,144 [Worker-19] INFO  o.e.m.c.i.embedder.EclipseLogger - Copying 4 resources
2016-02-09 23:08:42,145 [Worker-19] WARN  o.e.m.c.i.embedder.EclipseLogger - Using platform encoding (UTF-8 actually) to copy filtered resources, i.e. build is platform dependent!
2016-02-09 23:08:42,145 [Worker-19] INFO  o.e.m.c.i.embedder.EclipseLogger - skip non existing resourceDirectory /home/quique/NetBeansProjects/geco/geco/src/test/resources
2016-02-09 23:10:54,624 [Worker-12] INFO  o.e.m.c.i.embedder.EclipseLogger - No changes detected in schema or binding files - skipping source generation.
2016-02-09 23:10:54,626 [Worker-12] WARN  o.e.m.c.i.embedder.EclipseLogger - Using platform encoding (UTF-8 actually) to copy filtered resources, i.e. build is platform dependent!
2016-02-09 23:10:54,626 [Worker-12] INFO  o.e.m.c.i.embedder.EclipseLogger - Copying 4 resources
2016-02-09 23:10:54,628 [Worker-12] WARN  o.e.m.c.i.embedder.EclipseLogger - Using platform encoding (UTF-8 actually) to copy filtered resources, i.e. build is platform dependent!
2016-02-09 23:10:54,628 [Worker-12] INFO  o.e.m.c.i.embedder.EclipseLogger - skip non existing resourceDirectory /home/quique/NetBeansProjects/geco/geco/src/test/resources
2016-02-09 23:12:18,274 [Worker-12] INFO  o.e.m.c.i.embedder.EclipseLogger - No changes detected in schema or binding files - skipping source generation.
2016-02-09 23:12:18,276 [Worker-12] WARN  o.e.m.c.i.embedder.EclipseLogger - Using platform encoding (UTF-8 actually) to copy filtered resources, i.e. build is platform dependent!
2016-02-09 23:12:18,277 [Worker-12] INFO  o.e.m.c.i.embedder.EclipseLogger - Copying 4 resources
2016-02-09 23:12:18,278 [Worker-12] WARN  o.e.m.c.i.embedder.EclipseLogger - Using platform encoding (UTF-8 actually) to copy filtered resources, i.e. build is platform dependent!
2016-02-09 23:12:18,279 [Worker-12] INFO  o.e.m.c.i.embedder.EclipseLogger - skip non existing resourceDirectory /home/quique/NetBeansProjects/geco/geco/src/test/resources
2016-02-09 23:12:28,900 [Worker-5] INFO  o.e.m.c.i.embedder.EclipseLogger - No changes detected in schema or binding files - skipping source generation.
2016-02-09 23:12:28,903 [Worker-5] WARN  o.e.m.c.i.embedder.EclipseLogger - Using platform encoding (UTF-8 actually) to copy filtered resources, i.e. build is platform dependent!
2016-02-09 23:12:28,904 [Worker-5] INFO  o.e.m.c.i.embedder.EclipseLogger - Copying 4 resources
2016-02-09 23:12:28,907 [Worker-5] WARN  o.e.m.c.i.embedder.EclipseLogger - Using platform encoding (UTF-8 actually) to copy filtered resources, i.e. build is platform dependent!
2016-02-09 23:12:28,908 [Worker-5] INFO  o.e.m.c.i.embedder.EclipseLogger - skip non existing resourceDirectory /home/quique/NetBeansProjects/geco/geco/src/test/resources
2016-02-09 23:12:49,574 [Worker-7] INFO  o.e.m.c.i.embedder.EclipseLogger - No changes detected in schema or binding files - skipping source generation.
2016-02-09 23:12:49,575 [Worker-7] WARN  o.e.m.c.i.embedder.EclipseLogger - Using platform encoding (UTF-8 actually) to copy filtered resources, i.e. build is platform dependent!
2016-02-09 23:12:49,577 [Worker-7] INFO  o.e.m.c.i.embedder.EclipseLogger - Copying 4 resources
2016-02-09 23:12:49,579 [Worker-7] WARN  o.e.m.c.i.embedder.EclipseLogger - Using platform encoding (UTF-8 actually) to copy filtered resources, i.e. build is platform dependent!
2016-02-09 23:12:49,580 [Worker-7] INFO  o.e.m.c.i.embedder.EclipseLogger - skip non existing resourceDirectory /home/quique/NetBeansProjects/geco/geco/src/test/resources
2016-02-09 23:17:08,932 [Worker-18] INFO  o.e.m.c.i.embedder.EclipseLogger - No changes detected in schema or binding files - skipping source generation.
2016-02-09 23:17:08,934 [Worker-18] WARN  o.e.m.c.i.embedder.EclipseLogger - Using platform encoding (UTF-8 actually) to copy filtered resources, i.e. build is platform dependent!
2016-02-09 23:17:08,935 [Worker-18] INFO  o.e.m.c.i.embedder.EclipseLogger - Copying 4 resources
2016-02-09 23:17:08,936 [Worker-18] WARN  o.e.m.c.i.embedder.EclipseLogger - Using platform encoding (UTF-8 actually) to copy filtered resources, i.e. build is platform dependent!
2016-02-09 23:17:08,936 [Worker-18] INFO  o.e.m.c.i.embedder.EclipseLogger - skip non existing resourceDirectory /home/quique/NetBeansProjects/geco/geco/src/test/resources
2016-02-09 23:18:49,916 [Worker-18] INFO  o.e.m.c.i.embedder.EclipseLogger - No changes detected in schema or binding files - skipping source generation.
2016-02-09 23:18:49,918 [Worker-18] WARN  o.e.m.c.i.embedder.EclipseLogger - Using platform encoding (UTF-8 actually) to copy filtered resources, i.e. build is platform dependent!
2016-02-09 23:18:49,919 [Worker-18] INFO  o.e.m.c.i.embedder.EclipseLogger - Copying 4 resources
2016-02-09 23:18:49,920 [Worker-18] WARN  o.e.m.c.i.embedder.EclipseLogger - Using platform encoding (UTF-8 actually) to copy filtered resources, i.e. build is platform dependent!
2016-02-09 23:18:49,921 [Worker-18] INFO  o.e.m.c.i.embedder.EclipseLogger - skip non existing resourceDirectory /home/quique/NetBeansProjects/geco/geco/src/test/resources
2016-02-09 23:21:15,206 [Worker-13] INFO  o.e.m.c.i.embedder.EclipseLogger - No changes detected in schema or binding files - skipping source generation.
2016-02-09 23:21:15,207 [Worker-13] WARN  o.e.m.c.i.embedder.EclipseLogger - Using platform encoding (UTF-8 actually) to copy filtered resources, i.e. build is platform dependent!
2016-02-09 23:21:15,208 [Worker-13] INFO  o.e.m.c.i.embedder.EclipseLogger - Copying 4 resources
2016-02-09 23:21:15,209 [Worker-13] WARN  o.e.m.c.i.embedder.EclipseLogger - Using platform encoding (UTF-8 actually) to copy filtered resources, i.e. build is platform dependent!
2016-02-09 23:21:15,209 [Worker-13] INFO  o.e.m.c.i.embedder.EclipseLogger - skip non existing resourceDirectory /home/quique/NetBeansProjects/geco/geco/src/test/resources
2016-02-09 23:21:39,778 [Worker-18] INFO  o.e.m.c.i.embedder.EclipseLogger - No changes detected in schema or binding files - skipping source generation.
2016-02-09 23:21:39,780 [Worker-18] WARN  o.e.m.c.i.embedder.EclipseLogger - Using platform encoding (UTF-8 actually) to copy filtered resources, i.e. build is platform dependent!
2016-02-09 23:21:39,781 [Worker-18] INFO  o.e.m.c.i.embedder.EclipseLogger - Copying 4 resources
2016-02-09 23:21:39,783 [Worker-18] WARN  o.e.m.c.i.embedder.EclipseLogger - Using platform encoding (UTF-8 actually) to copy filtered resources, i.e. build is platform dependent!
2016-02-09 23:21:39,783 [Worker-18] INFO  o.e.m.c.i.embedder.EclipseLogger - skip non existing resourceDirectory /home/quique/NetBeansProjects/geco/geco/src/test/resources
2016-02-09 23:21:51,603 [Worker-13] INFO  o.e.m.c.i.embedder.EclipseLogger - No changes detected in schema or binding files - skipping source generation.
2016-02-09 23:21:51,604 [Worker-13] WARN  o.e.m.c.i.embedder.EclipseLogger - Using platform encoding (UTF-8 actually) to copy filtered resources, i.e. build is platform dependent!
2016-02-09 23:21:51,605 [Worker-13] INFO  o.e.m.c.i.embedder.EclipseLogger - Copying 4 resources
2016-02-09 23:21:51,606 [Worker-13] WARN  o.e.m.c.i.embedder.EclipseLogger - Using platform encoding (UTF-8 actually) to copy filtered resources, i.e. build is platform dependent!
2016-02-09 23:21:51,606 [Worker-13] INFO  o.e.m.c.i.embedder.EclipseLogger - skip non existing resourceDirectory /home/quique/NetBeansProjects/geco/geco/src/test/resources
2016-02-09 23:22:39,161 [Worker-13] INFO  o.e.m.c.i.embedder.EclipseLogger - No changes detected in schema or binding files - skipping source generation.
2016-02-09 23:22:39,163 [Worker-13] WARN  o.e.m.c.i.embedder.EclipseLogger - Using platform encoding (UTF-8 actually) to copy filtered resources, i.e. build is platform dependent!
2016-02-09 23:22:39,163 [Worker-13] INFO  o.e.m.c.i.embedder.EclipseLogger - Copying 4 resources
2016-02-09 23:22:39,165 [Worker-13] WARN  o.e.m.c.i.embedder.EclipseLogger - Using platform encoding (UTF-8 actually) to copy filtered resources, i.e. build is platform dependent!
2016-02-09 23:22:39,165 [Worker-13] INFO  o.e.m.c.i.embedder.EclipseLogger - skip non existing resourceDirectory /home/quique/NetBeansProjects/geco/geco/src/test/resources
2016-02-09 23:23:16,067 [Worker-17] INFO  o.e.m.c.i.embedder.EclipseLogger - No changes detected in schema or binding files - skipping source generation.
2016-02-09 23:23:16,068 [Worker-17] WARN  o.e.m.c.i.embedder.EclipseLogger - Using platform encoding (UTF-8 actually) to copy filtered resources, i.e. build is platform dependent!
2016-02-09 23:23:16,069 [Worker-17] INFO  o.e.m.c.i.embedder.EclipseLogger - Copying 4 resources
2016-02-09 23:23:16,070 [Worker-17] WARN  o.e.m.c.i.embedder.EclipseLogger - Using platform encoding (UTF-8 actually) to copy filtered resources, i.e. build is platform dependent!
2016-02-09 23:23:16,071 [Worker-17] INFO  o.e.m.c.i.embedder.EclipseLogger - skip non existing resourceDirectory /home/quique/NetBeansProjects/geco/geco/src/test/resources
2016-02-09 23:25:08,352 [Worker-5] INFO  o.e.m.c.i.embedder.EclipseLogger - No changes detected in schema or binding files - skipping source generation.
2016-02-09 23:25:08,354 [Worker-5] WARN  o.e.m.c.i.embedder.EclipseLogger - Using platform encoding (UTF-8 actually) to copy filtered resources, i.e. build is platform dependent!
2016-02-09 23:25:08,355 [Worker-5] INFO  o.e.m.c.i.embedder.EclipseLogger - Copying 4 resources
2016-02-09 23:25:08,356 [Worker-5] WARN  o.e.m.c.i.embedder.EclipseLogger - Using platform encoding (UTF-8 actually) to copy filtered resources, i.e. build is platform dependent!
2016-02-09 23:25:08,356 [Worker-5] INFO  o.e.m.c.i.embedder.EclipseLogger - skip non existing resourceDirectory /home/quique/NetBeansProjects/geco/geco/src/test/resources
2016-02-09 23:25:16,201 [Worker-5] INFO  o.e.m.c.i.embedder.EclipseLogger - No changes detected in schema or binding files - skipping source generation.
2016-02-09 23:25:16,203 [Worker-5] WARN  o.e.m.c.i.embedder.EclipseLogger - Using platform encoding (UTF-8 actually) to copy filtered resources, i.e. build is platform dependent!
2016-02-09 23:25:16,203 [Worker-5] INFO  o.e.m.c.i.embedder.EclipseLogger - Copying 4 resources
2016-02-09 23:25:16,205 [Worker-5] WARN  o.e.m.c.i.embedder.EclipseLogger - Using platform encoding (UTF-8 actually) to copy filtered resources, i.e. build is platform dependent!
2016-02-09 23:25:16,205 [Worker-5] INFO  o.e.m.c.i.embedder.EclipseLogger - skip non existing resourceDirectory /home/quique/NetBeansProjects/geco/geco/src/test/resources
2016-02-09 23:25:55,712 [Worker-18] INFO  o.e.m.c.i.embedder.EclipseLogger - No changes detected in schema or binding files - skipping source generation.
2016-02-09 23:25:55,714 [Worker-18] WARN  o.e.m.c.i.embedder.EclipseLogger - Using platform encoding (UTF-8 actually) to copy filtered resources, i.e. build is platform dependent!
2016-02-09 23:25:55,714 [Worker-18] INFO  o.e.m.c.i.embedder.EclipseLogger - Copying 4 resources
2016-02-09 23:25:55,716 [Worker-18] WARN  o.e.m.c.i.embedder.EclipseLogger - Using platform encoding (UTF-8 actually) to copy filtered resources, i.e. build is platform dependent!
2016-02-09 23:25:55,716 [Worker-18] INFO  o.e.m.c.i.embedder.EclipseLogger - skip non existing resourceDirectory /home/quique/NetBeansProjects/geco/geco/src/test/resources
2016-02-09 23:26:12,449 [main] INFO  c.g.t.t.d.PublishedGradleVersions - Gradle version information cache file is not available. Remote download required.
2016-02-09 23:28:38,322 [Worker-13] INFO  o.e.m.c.i.embedder.EclipseLogger - No changes detected in schema or binding files - skipping source generation.
2016-02-09 23:28:38,323 [Worker-13] WARN  o.e.m.c.i.embedder.EclipseLogger - Using platform encoding (UTF-8 actually) to copy filtered resources, i.e. build is platform dependent!
2016-02-09 23:28:38,324 [Worker-13] INFO  o.e.m.c.i.embedder.EclipseLogger - Copying 4 resources
2016-02-09 23:28:38,325 [Worker-13] WARN  o.e.m.c.i.embedder.EclipseLogger - Using platform encoding (UTF-8 actually) to copy filtered resources, i.e. build is platform dependent!
2016-02-09 23:28:38,326 [Worker-13] INFO  o.e.m.c.i.embedder.EclipseLogger - skip non existing resourceDirectory /home/quique/NetBeansProjects/geco/geco/src/test/resources
